<?xml version="1.0" encoding="UTF-8" standalone="no"?>
<testsuite errors="0" failures="6" name="io.cucumber.core.plugin.JUnitFormatter" skipped="0" tests="20" time="224.976">
<testcase classname="guest user could register with valid data successfully" name="user open register page" time="14.736">
<system-out><![CDATA[When user click on register tab.............................................passed
Then register page should open..............................................passed
]]></system-out>
</testcase>
<testcase classname="guest user could register with valid data successfully" name="user fill personal details" time="16.334">
<system-out><![CDATA[When user click on register tab.............................................passed
Then register page should open..............................................passed
And user fill personal details..............................................passed
And user fill password field................................................passed
And user click on register complete tab.....................................passed
Then success massage displayed..............................................passed
]]></system-out>
</testcase>
<testcase classname="guest user could Login with valid credentials" name="user login with valid Email and password" time="9.825">
<system-out><![CDATA[When user click on login page...............................................passed
Then login page opened......................................................passed
]]></system-out>
</testcase>
<testcase classname="guest user could Login with valid credentials" name="user insert valid Email and Password" time="10.268">
<system-out><![CDATA[When user click on login page...............................................passed
Then login page opened......................................................passed
And user insert valid Email and password....................................passed
And user click on login tab.................................................passed
Then user back to home page with his account................................passed
And my account tab is displayed.............................................passed
]]></system-out>
</testcase>
<testcase classname="guest user could switch between currencies [$, €]" name="user select Euro currency" time="14.213">
<system-out><![CDATA[When user select Euro Currency..............................................passed
Then item Prices displayed with Euro Currency...............................passed
]]></system-out>
</testcase>
<testcase classname="guest user could switch between currencies [$, €]" name="user select Dollar currency" time="13.225">
<system-out><![CDATA[When user select Dollar Currency............................................passed
Then item Prices displayed with Dollar Currency.............................passed
]]></system-out>
</testcase>
<testcase classname="users will be able to search for products with different parameters" name="user could search using product name" time="9.165">
<system-out><![CDATA[When click on search field in home page and search for Apple product........passed
And click on search tab.....................................................passed
Then search product page opened.............................................passed
]]></system-out>
</testcase>
<testcase classname="users will be able to search for products with different parameters" name="user could search using sku" time="8.216">
<system-out><![CDATA[When click on search field in home page and search sku......................passed
And click on search tab.....................................................passed
Then search product page with same sku opened...............................passed
]]></system-out>
</testcase>
<testcase classname="guest user could select different Categories" name="user can select first category and open its page" time="7.893">
<system-out><![CDATA[When user click on first Category...........................................passed
Then selected Category page opened..........................................passed
]]></system-out>
</testcase>
<testcase classname="guest user could select different Categories" name="user can select second category and open its page" time="7.834">
<system-out><![CDATA[When user click on second Category..........................................passed
Then selected second Category page opened...................................passed
]]></system-out>
</testcase>
<testcase classname="users will able to open sliders in home page" name="first slider is clickable in home page" time="11.809">
<failure message="expected [https://demo.nopcommerce.com/iphone_s6] but found [https://demo.nopcommerce.com/]" type="java.lang.AssertionError"><![CDATA[When user click on first slider.............................................passed
Then relative product for first slider is displayed.........................failed

StackTrace:
java.lang.AssertionError: expected [https://demo.nopcommerce.com/iphone_s6] but found [https://demo.nopcommerce.com/]
	at org.testng.Assert.fail(Assert.java:110)
	at org.testng.Assert.failNotEquals(Assert.java:1413)
	at org.testng.Assert.assertEqualsImpl(Assert.java:149)
	at org.testng.Assert.assertEquals(Assert.java:131)
	at org.testng.Assert.assertEquals(Assert.java:655)
	at org.testng.Assert.assertEquals(Assert.java:665)
	at stepDefinition.D06_homeSlidersStepDef.relative_product_displayed(D06_homeSlidersStepDef.java:22)
	at ✽.relative product for first slider is displayed(file:///C:/Users/Waleed/IdeaProjects/nopCommerceProject/src/main/resources/Features/F06_homeSliders.feature:5)
]]></failure>
</testcase>
<testcase classname="users will able to open sliders in home page" name="second slider is clickable in home page" time="17.106">
<failure message="element not interactable&#10;  (Session info: chrome=101.0.4951.67)&#10;Build info: version: '4.1.4', revision: '535d840ee2'&#10;System info: host: 'DESKTOP-FQ3CN99', ip: '192.168.1.5', os.name: 'Windows 10', os.arch: 'amd64', os.version: '10.0', java.version: '1.8.0_333'&#10;Driver info: org.openqa.selenium.chrome.ChromeDriver&#10;Command: [8401b49a0548b97672a2377c50d200a0, clickElement {id=77090bd9-d7b8-4941-92b9-83b001d0a993}]&#10;Capabilities {acceptInsecureCerts: false, browserName: chrome, browserVersion: 101.0.4951.67, chrome: {chromedriverVersion: 101.0.4951.41 (93c720db8323..., userDataDir: C:\Users\Waleed\AppData\Loc...}, goog:chromeOptions: {debuggerAddress: localhost:59607}, javascriptEnabled: true, networkConnectionEnabled: false, pageLoadStrategy: normal, platform: WINDOWS, platformName: WINDOWS, proxy: Proxy(), se:cdp: ws://localhost:59607/devtoo..., se:cdpVersion: 101.0.4951.67, setWindowRect: true, strictFileInteractability: false, timeouts: {implicit: 0, pageLoad: 300000, script: 30000}, unhandledPromptBehavior: dismiss and notify, webauthn:extension:credBlob: true, webauthn:extension:largeBlob: true, webauthn:virtualAuthenticators: true}&#10;Element: [[ChromeDriver: chrome on WINDOWS (8401b49a0548b97672a2377c50d200a0)] -&gt; xpath: (//a[@href=&quot;http://demo.nopcommerce.com/&quot;])[2]]&#10;Session ID: 8401b49a0548b97672a2377c50d200a0" type="org.openqa.selenium.ElementNotInteractableException"><![CDATA[When user click on second slider............................................failed
Then relative product for second slider is displayed........................skipped

StackTrace:
org.openqa.selenium.ElementNotInteractableException: element not interactable
  (Session info: chrome=101.0.4951.67)
Build info: version: '4.1.4', revision: '535d840ee2'
System info: host: 'DESKTOP-FQ3CN99', ip: '192.168.1.5', os.name: 'Windows 10', os.arch: 'amd64', os.version: '10.0', java.version: '1.8.0_333'
Driver info: org.openqa.selenium.chrome.ChromeDriver
Command: [8401b49a0548b97672a2377c50d200a0, clickElement {id=77090bd9-d7b8-4941-92b9-83b001d0a993}]
Capabilities {acceptInsecureCerts: false, browserName: chrome, browserVersion: 101.0.4951.67, chrome: {chromedriverVersion: 101.0.4951.41 (93c720db8323..., userDataDir: C:\Users\Waleed\AppData\Loc...}, goog:chromeOptions: {debuggerAddress: localhost:59607}, javascriptEnabled: true, networkConnectionEnabled: false, pageLoadStrategy: normal, platform: WINDOWS, platformName: WINDOWS, proxy: Proxy(), se:cdp: ws://localhost:59607/devtoo..., se:cdpVersion: 101.0.4951.67, setWindowRect: true, strictFileInteractability: false, timeouts: {implicit: 0, pageLoad: 300000, script: 30000}, unhandledPromptBehavior: dismiss and notify, webauthn:extension:credBlob: true, webauthn:extension:largeBlob: true, webauthn:virtualAuthenticators: true}
Element: [[ChromeDriver: chrome on WINDOWS (8401b49a0548b97672a2377c50d200a0)] -> xpath: (//a[@href="http://demo.nopcommerce.com/"])[2]]
Session ID: 8401b49a0548b97672a2377c50d200a0
	at sun.reflect.NativeConstructorAccessorImpl.newInstance0(Native Method)
	at sun.reflect.NativeConstructorAccessorImpl.newInstance(NativeConstructorAccessorImpl.java:62)
	at sun.reflect.DelegatingConstructorAccessorImpl.newInstance(DelegatingConstructorAccessorImpl.java:45)
	at java.lang.reflect.Constructor.newInstance(Constructor.java:423)
	at org.openqa.selenium.remote.codec.w3c.W3CHttpResponseCodec.createException(W3CHttpResponseCodec.java:200)
	at org.openqa.selenium.remote.codec.w3c.W3CHttpResponseCodec.decode(W3CHttpResponseCodec.java:133)
	at org.openqa.selenium.remote.codec.w3c.W3CHttpResponseCodec.decode(W3CHttpResponseCodec.java:53)
	at org.openqa.selenium.remote.HttpCommandExecutor.execute(HttpCommandExecutor.java:184)
	at org.openqa.selenium.remote.service.DriverCommandExecutor.invokeExecute(DriverCommandExecutor.java:167)
	at org.openqa.selenium.remote.service.DriverCommandExecutor.execute(DriverCommandExecutor.java:142)
	at org.openqa.selenium.remote.RemoteWebDriver.execute(RemoteWebDriver.java:567)
	at org.openqa.selenium.remote.RemoteWebElement.execute(RemoteWebElement.java:251)
	at org.openqa.selenium.remote.RemoteWebElement.click(RemoteWebElement.java:77)
	at stepDefinition.D06_homeSlidersStepDef.user_click_on_second_slider(D06_homeSlidersStepDef.java:29)
	at ✽.user click on second slider(file:///C:/Users/Waleed/IdeaProjects/nopCommerceProject/src/main/resources/Features/F06_homeSliders.feature:8)
]]></failure>
</testcase>
<testcase classname="Confirm ''follow us ' links open the corresponding websites" name="confirm facebook link is open successfully" time="9.161">
<failure message="expected [https://www.facebook.com/nopCommerce] but found [https://demo.nopcommerce.com/]" type="java.lang.AssertionError"><![CDATA[When user click on facebook icon............................................passed
Then non commerce facebook page open........................................failed

StackTrace:
java.lang.AssertionError: expected [https://www.facebook.com/nopCommerce] but found [https://demo.nopcommerce.com/]
	at org.testng.Assert.fail(Assert.java:110)
	at org.testng.Assert.failNotEquals(Assert.java:1413)
	at org.testng.Assert.assertEqualsImpl(Assert.java:149)
	at org.testng.Assert.assertEquals(Assert.java:131)
	at org.testng.Assert.assertEquals(Assert.java:655)
	at org.testng.Assert.assertEquals(Assert.java:665)
	at stepDefinition.D07_followUsStepDef.facebook_page_open(D07_followUsStepDef.java:20)
	at ✽.non commerce facebook page open(file:///C:/Users/Waleed/IdeaProjects/nopCommerceProject/src/main/resources/Features/F07_followUs.feature:5)
]]></failure>
</testcase>
<testcase classname="Confirm ''follow us ' links open the corresponding websites" name="confirm facebook link is open successfully 2" time="9.301">
<failure message="expected [https://twitter.com/nopCommerce] but found [https://demo.nopcommerce.com/]" type="java.lang.AssertionError"><![CDATA[When user click on Twitter icon.............................................passed
Then non commerce Twitter page open.........................................failed

StackTrace:
java.lang.AssertionError: expected [https://twitter.com/nopCommerce] but found [https://demo.nopcommerce.com/]
	at org.testng.Assert.fail(Assert.java:110)
	at org.testng.Assert.failNotEquals(Assert.java:1413)
	at org.testng.Assert.assertEqualsImpl(Assert.java:149)
	at org.testng.Assert.assertEquals(Assert.java:131)
	at org.testng.Assert.assertEquals(Assert.java:655)
	at org.testng.Assert.assertEquals(Assert.java:665)
	at stepDefinition.D07_followUsStepDef.twitter_page_open(D07_followUsStepDef.java:31)
	at ✽.non commerce Twitter page open(file:///C:/Users/Waleed/IdeaProjects/nopCommerceProject/src/main/resources/Features/F07_followUs.feature:9)
]]></failure>
</testcase>
<testcase classname="Confirm ''follow us ' links open the corresponding websites" name="confirm facebook link is open successfully 3" time="9.644">
<system-out><![CDATA[When user click on rss icon.................................................passed
Then non commerce rss page open.............................................passed
]]></system-out>
</testcase>
<testcase classname="Confirm ''follow us ' links open the corresponding websites" name="confirm facebook link is open successfully 4" time="9.038">
<failure message="expected [https://www.youtube.com/user/nopCommerce] but found [https://demo.nopcommerce.com/]" type="java.lang.AssertionError"><![CDATA[When user click on youtube icon.............................................passed
Then non commerce youtube page open.........................................failed

StackTrace:
java.lang.AssertionError: expected [https://www.youtube.com/user/nopCommerce] but found [https://demo.nopcommerce.com/]
	at org.testng.Assert.fail(Assert.java:110)
	at org.testng.Assert.failNotEquals(Assert.java:1413)
	at org.testng.Assert.assertEqualsImpl(Assert.java:149)
	at org.testng.Assert.assertEquals(Assert.java:131)
	at org.testng.Assert.assertEquals(Assert.java:655)
	at org.testng.Assert.assertEquals(Assert.java:665)
	at stepDefinition.D07_followUsStepDef.youtube_page_open(D07_followUsStepDef.java:53)
	at ✽.non commerce youtube page open(file:///C:/Users/Waleed/IdeaProjects/nopCommerceProject/src/main/resources/Features/F07_followUs.feature:17)
]]></failure>
</testcase>
<testcase classname="user can add products to wishlist" name="success massage is displayed once add product to wishlist" time="12.004">
<system-out><![CDATA[When user add product to wishlist...........................................passed
Then success notification massage is displayed..............................passed
]]></system-out>
</testcase>
<testcase classname="user can add products to wishlist" name="number of wishlist item in home page is increased" time="12.343">
<system-out><![CDATA[When user add product to wishlist...........................................passed
Then success notification massage is displayed..............................passed
And user get the number of wishlist item after adding product...............passed
Then number of wishlist item increased......................................passed
]]></system-out>
</testcase>
<testcase classname="guest user could add different products to Shopping cart" name="user add product to shopping cart" time="11.51">
<system-out><![CDATA[When user click on Add to cart for selected product.........................passed
Then success massage is displayed...........................................passed
]]></system-out>
</testcase>
<testcase classname="guest user could add different products to Shopping cart" name="number of shopping kart item in home page is increased" time="10.49">
<failure message="expected [true] but found [false]" type="java.lang.AssertionError"><![CDATA[When user click on Add to cart for selected product.........................passed
Then success massage is displayed...........................................passed
And user get the number of shopping item after adding product...............failed
Then number of shopping kart item increased.................................skipped

StackTrace:
java.lang.AssertionError: expected [true] but found [false]
	at org.testng.Assert.fail(Assert.java:110)
	at org.testng.Assert.failNotEquals(Assert.java:1413)
	at org.testng.Assert.assertTrue(Assert.java:56)
	at org.testng.Assert.assertTrue(Assert.java:66)
	at stepDefinition.D09_ShoppingCartStepDef.get_number_shopping(D09_ShoppingCartStepDef.java:32)
	at ✽.user get the number of shopping item after adding product(file:///C:/Users/Waleed/IdeaProjects/nopCommerceProject/src/main/resources/Features/F09_ShoppingCart.feature:10)
]]></failure>
</testcase>
</testsuite>
